sample.interval=20000
"computez.lambdaest" "objective" ".Call" "nlminb" "ComputeLambdaAndNuHat.shiftCMPest" "ControlCharts" 
"computez.lambdaest" "objective" ".Call" "nlminb" "ComputeLambdaAndNuHat.shiftCMPest" "ControlCharts" 
"computez.lambdaest" "objective" ".Call" "nlminb" "ComputeLambdaAndNuHat.shiftCMPest" "ControlCharts" 
"computez.lambdaest" "objective" ".Call" "nlminb" "ComputeLambdaAndNuHat.shiftCMPest" "ControlCharts" 
"computez.lambdaest" "objective" ".Call" "nlminb" "ComputeLambdaAndNuHat.shiftCMPest" "ControlCharts" 
"computez.lambdaest" "objective" ".Call" "nlminb" "ComputeLambdaAndNuHat.shiftCMPest" "ControlCharts" 
"computez.lambdaest" "objective" ".Call" "nlminb" "ComputeLambdaAndNuHat.shiftCMPest" "ControlCharts" 
":" "computez.lambdaest" "objective" ".Call" "nlminb" "ComputeLambdaAndNuHat.shiftCMPest" "ControlCharts" 
"computez.lambdaest" "objective" ".Call" "nlminb" "ComputeLambdaAndNuHat.shiftCMPest" "ControlCharts" 
"computez.lambdaest" "objective" ".Call" "nlminb" "ComputeLambdaAndNuHat.shiftCMPest" "ControlCharts" 
"prod" "computez.lambdaest" "objective" ".Call" "nlminb" "ComputeLambdaAndNuHat.shiftCMPest" "ControlCharts" 
"computez.lambdaest" "objective" ".Call" "nlminb" "ComputeLambdaAndNuHat.shiftCMPest" "ControlCharts" 
"computez.lambdaest" "objective" ".Call" "nlminb" "ComputeLambdaAndNuHat.shiftCMPest" "ControlCharts" 
"computez.lambdaest" "objective" ".Call" "nlminb" "ComputeLambdaAndNuHat.shiftCMPest" "ControlCharts" 
"matrix" "computez.lambdaest" "objective" ".Call" "nlminb" "ComputeLambdaAndNuHat.shiftCMPest" "ControlCharts" 
"computez.lambdaest" "objective" ".Call" "nlminb" "ComputeLambdaAndNuHat.shiftCMPest" "ControlCharts" 
"computez.lambdaest" "objective" ".Call" "nlminb" "ComputeLambdaAndNuHat.shiftCMPest" "ControlCharts" 
"computez.lambdaest" "objective" ".Call" "nlminb" "ComputeLambdaAndNuHat.shiftCMPest" "ControlCharts" 
"computez.lambdaest" "objective" ".Call" "nlminb" "ComputeLambdaAndNuHat.shiftCMPest" "ControlCharts" 
"computez.lambdaest" "objective" ".Call" "nlminb" "ComputeLambdaAndNuHat.shiftCMPest" "ControlCharts" 
"(" "computez.lambdaest" "objective" ".Call" "nlminb" "ComputeLambdaAndNuHat.shiftCMPest" "ControlCharts" 
"matrix" "computez.lambdaest" "objective" ".Call" "nlminb" "ComputeLambdaAndNuHat.shiftCMPest" "ControlCharts" 
"computez.lambdaest" "objective" ".Call" "nlminb" "ComputeLambdaAndNuHat.shiftCMPest" "ControlCharts" 
"^" "computez.lambdaest" "objective" ".Call" "nlminb" "ComputeLambdaAndNuHat.shiftCMPest" "ControlCharts" 
"(" "computez.lambdaest" "objective" ".Call" "nlminb" "ComputeLambdaAndNuHat.shiftCMPest" "ControlCharts" 
"computez.lambdaest" "objective" ".Call" "nlminb" "ComputeLambdaAndNuHat.shiftCMPest" "ControlCharts" 
"^" "computez.lambdaest" "objective" ".Call" "nlminb" "ComputeLambdaAndNuHat.shiftCMPest" "ControlCharts" 
"computez.lambdaest" "objective" ".Call" "nlminb" "ComputeLambdaAndNuHat.shiftCMPest" "ControlCharts" 
"computez.lambdaest" "objective" ".Call" "nlminb" "ComputeLambdaAndNuHat.shiftCMPest" "ControlCharts" 
"computez.lambdaest" "objective" ".Call" "nlminb" "ComputeLambdaAndNuHat.shiftCMPest" "ControlCharts" 
"^" "computez.lambdaest" "objective" ".Call" "nlminb" "ComputeLambdaAndNuHat.shiftCMPest" "ControlCharts" 
"^" "computez.lambdaest" "objective" ".Call" "nlminb" "ComputeLambdaAndNuHat.shiftCMPest" "ControlCharts" 
"computez.lambdaest" "objective" ".Call" "nlminb" "ComputeLambdaAndNuHat.shiftCMPest" "ControlCharts" 
"computez.lambdaest" "objective" ".Call" "nlminb" "ComputeLambdaAndNuHat.shiftCMPest" "ControlCharts" 
"computez.lambdaest" "objective" ".Call" "nlminb" "ComputeLambdaAndNuHat.shiftCMPest" "ControlCharts" 
"computez.lambdaest" "objective" ".Call" "nlminb" "ComputeLambdaAndNuHat.shiftCMPest" "ControlCharts" 
"computez.lambdaest" "objective" ".Call" "nlminb" "ComputeLambdaAndNuHat.shiftCMPest" "ControlCharts" 
"computez.lambdaest" "objective" ".Call" "nlminb" "ComputeLambdaAndNuHat.shiftCMPest" "ControlCharts" 
"^" "computez.lambdaest" "objective" ".Call" "nlminb" "ComputeLambdaAndNuHat.shiftCMPest" "ControlCharts" 
"computez.lambdaest" "objective" ".Call" "nlminb" "ComputeLambdaAndNuHat.shiftCMPest" "ControlCharts" 
"computez.lambdaest" "objective" ".Call" "nlminb" "ComputeLambdaAndNuHat.shiftCMPest" "ControlCharts" 
"computez.lambdaest" "objective" ".Call" "nlminb" "ComputeLambdaAndNuHat.shiftCMPest" "ControlCharts" 
"computez.lambdaest" "objective" ".Call" "nlminb" "ComputeLambdaAndNuHat.shiftCMPest" "ControlCharts" 
"computez.lambdaest" "objective" ".Call" "nlminb" "ComputeLambdaAndNuHat.shiftCMPest" "ControlCharts" 
"computez.lambdaest" "objective" ".Call" "nlminb" "ComputeLambdaAndNuHat.shiftCMPest" "ControlCharts" 
"computez.lambdaest" "objective" ".Call" "nlminb" "ComputeLambdaAndNuHat.shiftCMPest" "ControlCharts" 
"/" "computez.lambdaest" "objective" ".Call" "nlminb" "ComputeLambdaAndNuHat.shiftCMPest" "ControlCharts" 
"computez.lambdaest" "objective" ".Call" "nlminb" "ComputeLambdaAndNuHat.shiftCMPest" "ControlCharts" 
"computez.lambdaest" "objective" ".Call" "nlminb" "ComputeLambdaAndNuHat.shiftCMPest" "ControlCharts" 
"computez.lambdaest" "objective" ".Call" "nlminb" "ComputeLambdaAndNuHat.shiftCMPest" "ControlCharts" 
"computez.lambdaest" "objective" ".Call" "nlminb" "ComputeLambdaAndNuHat.shiftCMPest" "ControlCharts" 
"computez.lambdaest" "objective" ".Call" "nlminb" "ComputeLambdaAndNuHat.shiftCMPest" "ControlCharts" 
"computez.lambdaest" "objective" ".Call" "nlminb" "ComputeLambdaAndNuHat.shiftCMPest" "ControlCharts" 
"computez.lambdaest" "objective" ".Call" "nlminb" "ComputeLambdaAndNuHat.shiftCMPest" "ControlCharts" 
"computez.lambdaest" "objective" ".Call" "nlminb" "ComputeLambdaAndNuHat.shiftCMPest" "ControlCharts" 
"computez.lambdaest" "objective" ".Call" "nlminb" "ComputeLambdaAndNuHat.shiftCMPest" "ControlCharts" 
"computez.lambdaest" "objective" ".Call" "nlminb" "ComputeLambdaAndNuHat.shiftCMPest" "ControlCharts" 
"computez.lambdaest" "objective" ".Call" "nlminb" "ComputeLambdaAndNuHat.shiftCMPest" "ControlCharts" 
"computez.lambdaest" "objective" ".Call" "nlminb" "ComputeLambdaAndNuHat.shiftCMPest" "ControlCharts" 
"computez.lambdaest" "objective" ".Call" "nlminb" "ComputeLambdaAndNuHat.shiftCMPest" "ControlCharts" 
"com.log.sum" "com.compute.log.z" "com.log.density" "ControlCharts" 
"lazyLoadDBfetch" "plot.default" "plot" "ControlCharts" 
".External2" "plot.new" "plot.default" "plot" "ControlCharts" 
